[debug] [2020-08-24T04:01:44.522Z] ----------------------------------------------------------------------
[debug] [2020-08-24T04:01:44.536Z] Command:       C:\Program Files\nodejs\node.exe C:\Users\tultd\AppData\Roaming\npm\node_modules\firebase-tools\lib\bin\firebase.js init
[debug] [2020-08-24T04:01:44.536Z] CLI Version:   8.7.0
[debug] [2020-08-24T04:01:44.537Z] Platform:      win32
[debug] [2020-08-24T04:01:44.537Z] Node Version:  v12.18.1
[debug] [2020-08-24T04:01:44.591Z] Time:          Mon Aug 24 2020 11:01:44 GMT+0700 (Indochina Time)
[debug] [2020-08-24T04:01:44.592Z] ----------------------------------------------------------------------
[debug] [2020-08-24T04:01:44.592Z] 
[debug] [2020-08-24T04:01:44.633Z] > command requires scopes: ["email","openid","https://www.googleapis.com/auth/cloudplatformprojects.readonly","https://www.googleapis.com/auth/firebase","https://www.googleapis.com/auth/cloud-platform"]
[debug] [2020-08-24T04:01:44.634Z] > authorizing via signed-in user
[info] 
     ######## #### ########  ######## ########     ###     ######  ########
     ##        ##  ##     ## ##       ##     ##  ##   ##  ##       ##
     ######    ##  ########  ######   ########  #########  ######  ######
     ##        ##  ##    ##  ##       ##     ## ##     ##       ## ##
     ##       #### ##     ## ######## ########  ##     ##  ######  ########

You're about to initialize a Firebase project in this directory:

  C:\Users\tultd\OneDrive\Personal Project\covid-19-tracker

Before we get started, keep in mind:

  * You are initializing in an existing Firebase project directory

